[Mon May 26 21:38:23 2025] Master started
[Mon May 26 21:38:23 2025] Master: Listening for heartbeats for 5 seconds...
[Mon May 26 21:38:23 2025] Master: Received heartbeat from processor 2
[Mon May 26 21:38:23 2025] Master: Received heartbeat from processor 3
[Mon May 26 21:38:24 2025] Master: Received heartbeat from processor 1
--- Round Robin Job Assignment ---
Job 1 assigned to processor 1 using round-robin
Job 2 assigned to processor 2 using round-robin
Job 3 assigned to processor 3 using round-robin
Job 4 assigned to processor 1 using round-robin
Job 5 assigned to processor 2 using round-robin
Job 6 assigned to processor 3 using round-robin
Job 7 assigned to processor 1 using round-robin
Job 8 assigned to processor 2 using round-robin
[Mon May 26 21:38:28 2025] Total Load (Round Robin): 8.000000
--- Least Connection Job Assignment ---
Job 1 assigned to processor 1 using least-connections (Least Load: 0)
Job 2 assigned to processor 2 using least-connections (Least Load: 0)
Job 3 assigned to processor 3 using least-connections (Least Load: 0)
Job 4 assigned to processor 1 using least-connections (Least Load: 1)
Job 5 assigned to processor 2 using least-connections (Least Load: 1)
Job 6 assigned to processor 3 using least-connections (Least Load: 1)
Job 7 assigned to processor 1 using least-connections (Least Load: 2)
Job 8 assigned to processor 2 using least-connections (Least Load: 2)
[Mon May 26 21:38:28 2025] Total Load (Least Connection): 8.000000
[Mon May 26 21:38:28 2025] Master done.
